<installation datetime="201009131621">
   <serialNumbers>
      <serialNumber>WindowBuilderPro-03206-9885</serialNumber>
   </serialNumbers>
   <activationKeys>
      <activationKey>GWTDesignerEval-6P0TH-SQ0VF-BSBY7</activationKey>
      <activationKey>WindowBuilderPro-8P0WH-JQ02Y-0FGUF</activationKey>
   </activationKeys>
   <products>
      <product name="Code Coverage"                installed="false" fullyEnabled="false" build="UNKNOWN" />
      <product name="CodePro AnalytiX"             installed="false" fullyEnabled="false" build="UNKNOWN" />
      <product name="CodePro Analytix and PlusPak" installed="false" fullyEnabled="false" build="UNKNOWN" />
      <product name="CodePro PlusPak"              installed="false" fullyEnabled="false" build="UNKNOWN" />
      <product name="CodePro Profiler"             installed="false" fullyEnabled="false" build="UNKNOWN" />
      <product name="CodePro Server"               installed="false" fullyEnabled="false" build="UNKNOWN" />
      <product name="EclipsePro Audit"             installed="false" fullyEnabled="false" build="UNKNOWN" />
      <product name="EclipsePro Test"              installed="false" fullyEnabled="false" build="UNKNOWN" />
      <product name="GWT Designer"                 installed="true"  fullyEnabled="true"  build="201005090409" />
      <product name="Help Composer"                installed="false" fullyEnabled="false" build="UNKNOWN" />
      <product name="RCP Developer"                installed="false" fullyEnabled="false" build="UNKNOWN" />
      <product name="RCP Packager"                 installed="false" fullyEnabled="false" build="UNKNOWN" />
      <product name="RIM Designer"                 installed="true"  fullyEnabled="true"  build="201005090400" />
      <product name="SWT Designer"                 installed="true"  fullyEnabled="true"  build="201005090420" />
      <product name="Shared"                       installed="true"  fullyEnabled="true"  build="201005070739" />
      <product name="Swing Designer"               installed="true"  fullyEnabled="true"  build="201005090414" />
      <product name="WindowBuilder"                installed="true"  fullyEnabled="true"  build="201005090400" />
      <product name="WindowTester Pro"             installed="false" fullyEnabled="false" build="UNKNOWN" />
      <product name="WindowTester Runner"          installed="false" fullyEnabled="false" build="UNKNOWN" />
      <product name="WindowTester SWT"             installed="false" fullyEnabled="false" build="UNKNOWN" />
      <product name="WindowTester SWT Runner"      installed="false" fullyEnabled="false" build="UNKNOWN" />
      <product name="WindowTester Swing"           installed="false" fullyEnabled="false" build="UNKNOWN" />
      <product name="WindowTester Swing Runner"    installed="false" fullyEnabled="false" build="UNKNOWN" />
   </products>
</installation>
