

***********************************************************************
Fatal NI connect error 12514, connecting to:
 (DESCRIPTION=(CONNECT_DATA=(SERVICE_NAME=localhost)(CID=(PROGRAM=D:\Program Files\Java\jre6\bin\javaw.exe)(HOST=M033-PC)(USER=Administrator)))(ADDRESS=(PROTOCOL=TCP)(HOST=127.0.0.1)(PORT=1521)))

  VERSION INFORMATION:
	TNS for 32-bit Windows: Version 10.2.0.1.0 - Production
	Windows NT TCP/IP NT Protocol Adapter for 32-bit Windows: Version 10.2.0.1.0 - Production
  Time: 31-7月 -2010 13:22:50
  Tracing not turned on.
  Tns error struct:
    ns main err code: 12564
    TNS-12564: TNS: 拒绝连接
    ns secondary err code: 0
    nt main err code: 0
    nt secondary err code: 0
    nt OS err code: 0


***********************************************************************
Fatal NI connect error 12514, connecting to:
 (DESCRIPTION=(CONNECT_DATA=(SERVICE_NAME=localhost)(CID=(PROGRAM=D:\Program Files\Java\jre6\bin\javaw.exe)(HOST=M033-PC)(USER=Administrator)))(ADDRESS=(PROTOCOL=TCP)(HOST=127.0.0.1)(PORT=1521)))

  VERSION INFORMATION:
	TNS for 32-bit Windows: Version 10.2.0.1.0 - Production
	Windows NT TCP/IP NT Protocol Adapter for 32-bit Windows: Version 10.2.0.1.0 - Production
  Time: 31-7月 -2010 13:22:51
  Tracing not turned on.
  Tns error struct:
    ns main err code: 12564
    TNS-12564: TNS: 拒绝连接
    ns secondary err code: 0
    nt main err code: 0
    nt secondary err code: 0
    nt OS err code: 0
